<?xml version="1.0" encoding="UTF-8"?>
<testsuite xmlns:xsi="http://www.w3.org/2001/XMLSchema-instance" xsi:noNamespaceSchemaLocation="https://maven.apache.org/surefire/maven-surefire-plugin/xsd/surefire-test-report-3.0.xsd" version="3.0" name="GraphManagerTest" time="3.228" tests="10" errors="0" skipped="0" failures="0">
  <properties>
[...]
</properties>
  <testcase name="testParseGraph" classname="GraphManagerTest" time="0.836"/>
  <testcase name="testAddEdge" classname="GraphManagerTest" time="0.008">
    <system-out><![CDATA[Edge already exist from C to A!
]]></system-out>
  </testcase>
  <testcase name="testAddNode" classname="GraphManagerTest" time="0.002">
    <system-out><![CDATA[Node: A already exists! Cannot add.
Node: B already exists! Cannot add.
]]></system-out>
  </testcase>
  <testcase name="testOutputGraph" classname="GraphManagerTest" time="0.007">
    <system-out><![CDATA[Graph output written to file: outputs/test/testOutputGraph.txt
]]></system-out>
  </testcase>
  <testcase name="testToString" classname="GraphManagerTest" time="0.003">
    <system-out><![CDATA[Number of Nodes: 3
Label of Nodes: [A, B, C]
Number of Edges: 3
Nodes and Edge Directions:
C -> A
B -> C
A -> B
]]></system-out>
  </testcase>
  <testcase name="testRemoveNodes" classname="GraphManagerTest" time="0.01">
    <system-out><![CDATA[Node F does not exist!
Node H does not exist!
Node P does not exist!
]]></system-out>
  </testcase>
  <testcase name="testAddNodes" classname="GraphManagerTest" time="0.003">
    <system-out><![CDATA[Node: C already exists! Cannot add.
]]></system-out>
  </testcase>
  <testcase name="testRemoveEdge" classname="GraphManagerTest" time="0.006">
    <system-out><![CDATA[No such edge exist from A to P
]]></system-out>
  </testcase>
  <testcase name="testRemoveNode" classname="GraphManagerTest" time="0.0"/>
  <testcase name="testOutputGraphics" classname="GraphManagerTest" time="2.276">
    <system-out><![CDATA[Graphic output available in file: outputs/test/testOutputGraphics.dot
Graphic output available in file: outputs/test/testOutputGraphics.png
]]></system-out>
  </testcase>
</testsuite>